/u/k/a/karu/courses/cs552/spring2013/handouts/testprograms/public/rand_final/ldld_rand_large.asm SUCCESS CPI:27.4 CYCLES:28373 ICOUNT:1035 IHITRATE: 0.0 DHITRATE: 0.0
/u/k/a/karu/courses/cs552/spring2013/handouts/testprograms/public/rand_final/ldld_rand_small.asm SUCCESS CPI:27.4 CYCLES:28373 ICOUNT:1035 IHITRATE: 0.0 DHITRATE: 0.0
/u/k/a/karu/courses/cs552/spring2013/handouts/testprograms/public/rand_final/ldst_rand_large.asm SUCCESS CPI:18.0 CYCLES:25553 ICOUNT:1417 IHITRATE: 0.0 DHITRATE: 3.8
/u/k/a/karu/courses/cs552/spring2013/handouts/testprograms/public/rand_final/ldst_rand_small.asm SUCCESS CPI:17.9 CYCLES:25361 ICOUNT:1417 IHITRATE: 0.0 DHITRATE: 3.9
/u/k/a/karu/courses/cs552/spring2013/handouts/testprograms/public/rand_final/t_100_all.asm SUCCESS CPI:17.8 CYCLES:5933 ICOUNT:334 IHITRATE: 0.0 DHITRATE: 6.2
/u/k/a/karu/courses/cs552/spring2013/handouts/testprograms/public/rand_final/t_100_ctrl.asm SUCCESS CPI:17.7 CYCLES:11465 ICOUNT:647 IHITRATE: 0.0 DHITRATE: 6.5
/u/k/a/karu/courses/cs552/spring2013/handouts/testprograms/public/rand_final/t_100_icache.asm SUCCESS CPI:254.4 CYCLES:14501 ICOUNT:57 IHITRATE: 0.0 DHITRATE: 0
/u/k/a/karu/courses/cs552/spring2013/handouts/testprograms/public/rand_final/t_100_idcache.asm SUCCESS CPI:42.2 CYCLES:16937 ICOUNT:401 IHITRATE: 0.0 DHITRATE: 1.3
/u/k/a/karu/courses/cs552/spring2013/handouts/testprograms/public/rand_final/t_100_mem.asm SUCCESS CPI:19.0 CYCLES:27089 ICOUNT:1427 IHITRATE: 0.0 DHITRATE: 8.2
/u/k/a/karu/courses/cs552/spring2013/handouts/testprograms/public/rand_final/t_101_all.asm SUCCESS CPI:17.1 CYCLES:7685 ICOUNT:449 IHITRATE: 0.0 DHITRATE: 5.4
/u/k/a/karu/courses/cs552/spring2013/handouts/testprograms/public/rand_final/t_101_ctrl.asm SUCCESS CPI:16.6 CYCLES:14081 ICOUNT:850 IHITRATE: 0.0 DHITRATE: 6.7
/u/k/a/karu/courses/cs552/spring2013/handouts/testprograms/public/rand_final/t_101_icache.asm SUCCESS CPI:273.6 CYCLES:14501 ICOUNT:53 IHITRATE: 0.0 DHITRATE: 0
/u/k/a/karu/courses/cs552/spring2013/handouts/testprograms/public/rand_final/t_101_idcache.asm SUCCESS CPI:42.0 CYCLES:17333 ICOUNT:413 IHITRATE: 0.0 DHITRATE: 1.0
/u/k/a/karu/courses/cs552/spring2013/handouts/testprograms/public/rand_final/t_101_mem.asm SUCCESS CPI:19.1 CYCLES:27209 ICOUNT:1422 IHITRATE: 0.0 DHITRATE: 8.2
/u/k/a/karu/courses/cs552/spring2013/handouts/testprograms/public/rand_final/t_102_all.asm SUCCESS CPI:17.5 CYCLES:6377 ICOUNT:365 IHITRATE: 0.0 DHITRATE: 3.0
/u/k/a/karu/courses/cs552/spring2013/handouts/testprograms/public/rand_final/t_102_ctrl.asm SUCCESS CPI:16.4 CYCLES:14081 ICOUNT:856 IHITRATE: 0.0 DHITRATE: 6.1
/u/k/a/karu/courses/cs552/spring2013/handouts/testprograms/public/rand_final/t_102_icache.asm SUCCESS CPI:295.9 CYCLES:14501 ICOUNT:49 IHITRATE: 0.0 DHITRATE: 0
/u/k/a/karu/courses/cs552/spring2013/handouts/testprograms/public/rand_final/t_102_idcache.asm SUCCESS CPI:47.6 CYCLES:15953 ICOUNT:335 IHITRATE: 0.0 DHITRATE: 1.1
/u/k/a/karu/courses/cs552/spring2013/handouts/testprograms/public/rand_final/t_102_mem.asm SUCCESS CPI:18.2 CYCLES:27821 ICOUNT:1529 IHITRATE: 0.0 DHITRATE: 8.5
/u/k/a/karu/courses/cs552/spring2013/handouts/testprograms/public/rand_final/t_103_all.asm SUCCESS CPI:16.4 CYCLES:7409 ICOUNT:453 IHITRATE: 0.0 DHITRATE: 5.1
/u/k/a/karu/courses/cs552/spring2013/handouts/testprograms/public/rand_final/t_103_ctrl.asm SUCCESS CPI:16.9 CYCLES:13805 ICOUNT:815 IHITRATE: 0.0 DHITRATE: 6.4
/u/k/a/karu/courses/cs552/spring2013/handouts/testprograms/public/rand_final/t_103_icache.asm SUCCESS CPI:258.9 CYCLES:14501 ICOUNT:56 IHITRATE: 0.0 DHITRATE: 0
/u/k/a/karu/courses/cs552/spring2013/handouts/testprograms/public/rand_final/t_103_idcache.asm SUCCESS CPI:43.9 CYCLES:16409 ICOUNT:374 IHITRATE: 0.0 DHITRATE: 1.4
/u/k/a/karu/courses/cs552/spring2013/handouts/testprograms/public/rand_final/t_103_mem.asm SUCCESS CPI:18.5 CYCLES:27149 ICOUNT:1468 IHITRATE: 0.0 DHITRATE: 8.6
/u/k/a/karu/courses/cs552/spring2013/handouts/testprograms/public/rand_final/t_104_all.asm SUCCESS CPI:16.6 CYCLES:7589 ICOUNT:456 IHITRATE: 0.0 DHITRATE: 4.0
/u/k/a/karu/courses/cs552/spring2013/handouts/testprograms/public/rand_final/t_104_ctrl.asm SUCCESS CPI:17.1 CYCLES:13109 ICOUNT:766 IHITRATE: 0.0 DHITRATE: 5.6
/u/k/a/karu/courses/cs552/spring2013/handouts/testprograms/public/rand_final/t_104_icache.asm SUCCESS CPI:245.7 CYCLES:14501 ICOUNT:59 IHITRATE: 0.0 DHITRATE: 0
/u/k/a/karu/courses/cs552/spring2013/handouts/testprograms/public/rand_final/t_104_idcache.asm SUCCESS CPI:49.9 CYCLES:15509 ICOUNT:311 IHITRATE: 0.0 DHITRATE: 1.3
/u/k/a/karu/courses/cs552/spring2013/handouts/testprograms/public/rand_final/t_104_mem.asm SUCCESS CPI:18.2 CYCLES:28145 ICOUNT:1550 IHITRATE: 0.0 DHITRATE: 8.4
/u/k/a/karu/courses/cs552/spring2013/handouts/testprograms/public/rand_final/t_105_all.asm SUCCESS CPI:17.0 CYCLES:7685 ICOUNT:453 IHITRATE: 0.0 DHITRATE: 4.5
/u/k/a/karu/courses/cs552/spring2013/handouts/testprograms/public/rand_final/t_105_ctrl.asm SUCCESS CPI:17.0 CYCLES:13541 ICOUNT:798 IHITRATE: 0.0 DHITRATE: 6.2
/u/k/a/karu/courses/cs552/spring2013/handouts/testprograms/public/rand_final/t_105_icache.asm SUCCESS CPI:295.9 CYCLES:14501 ICOUNT:49 IHITRATE: 0.0 DHITRATE: 0
/u/k/a/karu/courses/cs552/spring2013/handouts/testprograms/public/rand_final/t_105_idcache.asm SUCCESS CPI:47.3 CYCLES:15833 ICOUNT:335 IHITRATE: 0.0 DHITRATE: 0.7
/u/k/a/karu/courses/cs552/spring2013/handouts/testprograms/public/rand_final/t_105_mem.asm SUCCESS CPI:18.8 CYCLES:27041 ICOUNT:1440 IHITRATE: 0.0 DHITRATE: 8.3
/u/k/a/karu/courses/cs552/spring2013/handouts/testprograms/public/rand_final/t_106_all.asm SUCCESS CPI:16.6 CYCLES:7853 ICOUNT:472 IHITRATE: 0.0 DHITRATE: 6.0
/u/k/a/karu/courses/cs552/spring2013/handouts/testprograms/public/rand_final/t_106_ctrl.asm SUCCESS CPI:16.7 CYCLES:13553 ICOUNT:812 IHITRATE: 0.0 DHITRATE: 6.1
/u/k/a/karu/courses/cs552/spring2013/handouts/testprograms/public/rand_final/t_106_icache.asm SUCCESS CPI:258.9 CYCLES:14501 ICOUNT:56 IHITRATE: 0.0 DHITRATE: 0
/u/k/a/karu/courses/cs552/spring2013/handouts/testprograms/public/rand_final/t_106_idcache.asm SUCCESS CPI:48.8 CYCLES:15893 ICOUNT:326 IHITRATE: 0.0 DHITRATE: 1.5
/u/k/a/karu/courses/cs552/spring2013/handouts/testprograms/public/rand_final/t_106_mem.asm SUCCESS CPI:19.0 CYCLES:27053 ICOUNT:1427 IHITRATE: 0.0 DHITRATE: 8.2
/u/k/a/karu/courses/cs552/spring2013/handouts/testprograms/public/rand_final/t_107_all.asm SUCCESS CPI:16.6 CYCLES:7097 ICOUNT:428 IHITRATE: 0.0 DHITRATE: 4.8
/u/k/a/karu/courses/cs552/spring2013/handouts/testprograms/public/rand_final/t_107_ctrl.asm SUCCESS CPI:16.8 CYCLES:13313 ICOUNT:792 IHITRATE: 0.0 DHITRATE: 6.4
/u/k/a/karu/courses/cs552/spring2013/handouts/testprograms/public/rand_final/t_107_icache.asm SUCCESS CPI:278.8 CYCLES:14501 ICOUNT:52 IHITRATE: 0.0 DHITRATE: 0
/u/k/a/karu/courses/cs552/spring2013/handouts/testprograms/public/rand_final/t_107_idcache.asm SUCCESS CPI:48.6 CYCLES:15833 ICOUNT:326 IHITRATE: 0.0 DHITRATE: 1.8
/u/k/a/karu/courses/cs552/spring2013/handouts/testprograms/public/rand_final/t_107_mem.asm SUCCESS CPI:18.9 CYCLES:26717 ICOUNT:1417 IHITRATE: 0.0 DHITRATE: 8.4
/u/k/a/karu/courses/cs552/spring2013/handouts/testprograms/public/rand_final/t_108_all.asm SUCCESS CPI:15.9 CYCLES:7361 ICOUNT:464 IHITRATE: 0.0 DHITRATE: 5.4
/u/k/a/karu/courses/cs552/spring2013/handouts/testprograms/public/rand_final/t_108_ctrl.asm SUCCESS CPI:16.4 CYCLES:13721 ICOUNT:836 IHITRATE: 0.0 DHITRATE: 6.6
/u/k/a/karu/courses/cs552/spring2013/handouts/testprograms/public/rand_final/t_108_icache.asm SUCCESS CPI:237.7 CYCLES:14501 ICOUNT:61 IHITRATE: 0.0 DHITRATE: 0
/u/k/a/karu/courses/cs552/spring2013/handouts/testprograms/public/rand_final/t_108_idcache.asm SUCCESS CPI:47.8 CYCLES:16289 ICOUNT:341 IHITRATE: 0.0 DHITRATE: 1.0
/u/k/a/karu/courses/cs552/spring2013/handouts/testprograms/public/rand_final/t_108_mem.asm SUCCESS CPI:18.1 CYCLES:28301 ICOUNT:1562 IHITRATE: 0.0 DHITRATE: 8.1
/u/k/a/karu/courses/cs552/spring2013/handouts/testprograms/public/rand_final/t_109_all.asm SUCCESS CPI:17.5 CYCLES:5933 ICOUNT:339 IHITRATE: 0.0 DHITRATE: 7.5
/u/k/a/karu/courses/cs552/spring2013/handouts/testprograms/public/rand_final/t_109_ctrl.asm SUCCESS CPI:16.6 CYCLES:13973 ICOUNT:840 IHITRATE: 0.0 DHITRATE: 7.6
/u/k/a/karu/courses/cs552/spring2013/handouts/testprograms/public/rand_final/t_109_icache.asm SUCCESS CPI:290.0 CYCLES:14501 ICOUNT:50 IHITRATE: 0.0 DHITRATE: 0
/u/k/a/karu/courses/cs552/spring2013/handouts/testprograms/public/rand_final/t_109_idcache.asm SUCCESS CPI:46.8 CYCLES:16253 ICOUNT:347 IHITRATE: 0.0 DHITRATE: 0.2
/u/k/a/karu/courses/cs552/spring2013/handouts/testprograms/public/rand_final/t_109_mem.asm SUCCESS CPI:19.0 CYCLES:26369 ICOUNT:1385 IHITRATE: 0.0 DHITRATE: 8.5
/u/k/a/karu/courses/cs552/spring2013/handouts/testprograms/public/rand_final/t_10_mem.asm SUCCESS CPI:18.1 CYCLES:28529 ICOUNT:1576 IHITRATE: 0.0 DHITRATE: 8.5
/u/k/a/karu/courses/cs552/spring2013/handouts/testprograms/public/rand_final/t_110_all.asm SUCCESS CPI:16.3 CYCLES:7433 ICOUNT:457 IHITRATE: 0.0 DHITRATE: 6.7
/u/k/a/karu/courses/cs552/spring2013/handouts/testprograms/public/rand_final/t_110_ctrl.asm SUCCESS CPI:16.1 CYCLES:14777 ICOUNT:915 IHITRATE: 0.0 DHITRATE: 7.0
/u/k/a/karu/courses/cs552/spring2013/handouts/testprograms/public/rand_final/t_110_icache.asm SUCCESS CPI:295.9 CYCLES:14501 ICOUNT:49 IHITRATE: 0.0 DHITRATE: 0
/u/k/a/karu/courses/cs552/spring2013/handouts/testprograms/public/rand_final/t_110_idcache.asm SUCCESS CPI:43.9 CYCLES:16949 ICOUNT:386 IHITRATE: 0.0 DHITRATE: 0.9
/u/k/a/karu/courses/cs552/spring2013/handouts/testprograms/public/rand_final/t_110_mem.asm SUCCESS CPI:18.3 CYCLES:27437 ICOUNT:1502 IHITRATE: 0.0 DHITRATE: 8.3
/u/k/a/karu/courses/cs552/spring2013/handouts/testprograms/public/rand_final/t_111_all.asm SUCCESS CPI:17.9 CYCLES:7085 ICOUNT:396 IHITRATE: 0.0 DHITRATE: 5.7
/u/k/a/karu/courses/cs552/spring2013/handouts/testprograms/public/rand_final/t_111_ctrl.asm SUCCESS CPI:16.3 CYCLES:14885 ICOUNT:912 IHITRATE: 0.0 DHITRATE: 6.2
/u/k/a/karu/courses/cs552/spring2013/handouts/testprograms/public/rand_final/t_111_icache.asm SUCCESS CPI:254.4 CYCLES:14501 ICOUNT:57 IHITRATE: 0.0 DHITRATE: 0
/u/k/a/karu/courses/cs552/spring2013/handouts/testprograms/public/rand_final/t_111_idcache.asm SUCCESS CPI:43.9 CYCLES:17201 ICOUNT:392 IHITRATE: 0.0 DHITRATE: 0.7
/u/k/a/karu/courses/cs552/spring2013/handouts/testprograms/public/rand_final/t_111_mem.asm SUCCESS CPI:19.0 CYCLES:26705 ICOUNT:1405 IHITRATE: 0.0 DHITRATE: 8.1
/u/k/a/karu/courses/cs552/spring2013/handouts/testprograms/public/rand_final/t_112_all.asm SUCCESS CPI:17.6 CYCLES:6593 ICOUNT:375 IHITRATE: 0.0 DHITRATE: 4.7
/u/k/a/karu/courses/cs552/spring2013/handouts/testprograms/public/rand_final/t_112_ctrl.asm SUCCESS CPI:16.9 CYCLES:12713 ICOUNT:751 IHITRATE: 0.0 DHITRATE: 5.6
/u/k/a/karu/courses/cs552/spring2013/handouts/testprograms/public/rand_final/t_112_icache.asm SUCCESS CPI:245.7 CYCLES:14501 ICOUNT:59 IHITRATE: 0.0 DHITRATE: 0
/u/k/a/karu/courses/cs552/spring2013/handouts/testprograms/public/rand_final/t_112_idcache.asm SUCCESS CPI:42.4 CYCLES:17261 ICOUNT:407 IHITRATE: 0.0 DHITRATE: 1.3
/u/k/a/karu/courses/cs552/spring2013/handouts/testprograms/public/rand_final/t_112_mem.asm SUCCESS CPI:19.1 CYCLES:25049 ICOUNT:1310 IHITRATE: 0.0 DHITRATE: 8.6
/u/k/a/karu/courses/cs552/spring2013/handouts/testprograms/public/rand_final/t_113_all.asm SUCCESS CPI:17.0 CYCLES:5909 ICOUNT:347 IHITRATE: 0.0 DHITRATE: 6.9
/u/k/a/karu/courses/cs552/spring2013/handouts/testprograms/public/rand_final/t_113_ctrl.asm SUCCESS CPI:17.1 CYCLES:13049 ICOUNT:762 IHITRATE: 0.0 DHITRATE: 6.4
/u/k/a/karu/courses/cs552/spring2013/handouts/testprograms/public/rand_final/t_113_icache.asm SUCCESS CPI:290.0 CYCLES:14501 ICOUNT:50 IHITRATE: 0.0 DHITRATE: 0
/u/k/a/karu/courses/cs552/spring2013/handouts/testprograms/public/rand_final/t_113_idcache.asm SUCCESS CPI:41.1 CYCLES:16613 ICOUNT:404 IHITRATE: 0.0 DHITRATE: 1.4
/u/k/a/karu/courses/cs552/spring2013/handouts/testprograms/public/rand_final/t_113_mem.asm SUCCESS CPI:18.3 CYCLES:27449 ICOUNT:1496 IHITRATE: 0.0 DHITRATE: 8.4
/u/k/a/karu/courses/cs552/spring2013/handouts/testprograms/public/rand_final/t_114_all.asm SUCCESS CPI:15.0 CYCLES:9101 ICOUNT:605 IHITRATE: 0.0 DHITRATE: 5.9
/u/k/a/karu/courses/cs552/spring2013/handouts/testprograms/public/rand_final/t_114_ctrl.asm SUCCESS CPI:16.2 CYCLES:14357 ICOUNT:887 IHITRATE: 0.0 DHITRATE: 7.5
/u/k/a/karu/courses/cs552/spring2013/handouts/testprograms/public/rand_final/t_114_icache.asm SUCCESS CPI:237.7 CYCLES:14501 ICOUNT:61 IHITRATE: 0.0 DHITRATE: 0
/u/k/a/karu/courses/cs552/spring2013/handouts/testprograms/public/rand_final/t_114_idcache.asm SUCCESS CPI:45.5 CYCLES:16181 ICOUNT:356 IHITRATE: 0.0 DHITRATE: 0.5
/u/k/a/karu/courses/cs552/spring2013/handouts/testprograms/public/rand_final/t_114_mem.asm SUCCESS CPI:18.3 CYCLES:26525 ICOUNT:1449 IHITRATE: 0.0 DHITRATE: 8.5
/u/k/a/karu/courses/cs552/spring2013/handouts/testprograms/public/rand_final/t_115_all.asm SUCCESS CPI:16.5 CYCLES:7505 ICOUNT:455 IHITRATE: 0.0 DHITRATE: 6.8
/u/k/a/karu/courses/cs552/spring2013/handouts/testprograms/public/rand_final/t_115_ctrl.asm SUCCESS CPI:16.5 CYCLES:14525 ICOUNT:881 IHITRATE: 0.0 DHITRATE: 6.6
/u/k/a/karu/courses/cs552/spring2013/handouts/testprograms/public/rand_final/t_115_icache.asm SUCCESS CPI:295.9 CYCLES:14501 ICOUNT:49 IHITRATE: 0.0 DHITRATE: 0
/u/k/a/karu/courses/cs552/spring2013/handouts/testprograms/public/rand_final/t_115_idcache.asm SUCCESS CPI:40.0 CYCLES:17141 ICOUNT:428 IHITRATE: 0.0 DHITRATE: 2.6
/u/k/a/karu/courses/cs552/spring2013/handouts/testprograms/public/rand_final/t_115_mem.asm SUCCESS CPI:18.6 CYCLES:26261 ICOUNT:1414 IHITRATE: 0.0 DHITRATE: 8.7
/u/k/a/karu/courses/cs552/spring2013/handouts/testprograms/public/rand_final/t_116_all.asm SUCCESS CPI:15.5 CYCLES:9125 ICOUNT:587 IHITRATE: 0.0 DHITRATE: 6.0
/u/k/a/karu/courses/cs552/spring2013/handouts/testprograms/public/rand_final/t_116_ctrl.asm SUCCESS CPI:15.2 CYCLES:16805 ICOUNT:1102 IHITRATE: 0.0 DHITRATE: 7.2
/u/k/a/karu/courses/cs552/spring2013/handouts/testprograms/public/rand_final/t_116_icache.asm SUCCESS CPI:308.5 CYCLES:14501 ICOUNT:47 IHITRATE: 0.0 DHITRATE: 0
/u/k/a/karu/courses/cs552/spring2013/handouts/testprograms/public/rand_final/t_116_idcache.asm SUCCESS CPI:46.7 CYCLES:16361 ICOUNT:350 IHITRATE: 0.0 DHITRATE: 1.2
/u/k/a/karu/courses/cs552/spring2013/handouts/testprograms/public/rand_final/t_116_mem.asm SUCCESS CPI:18.8 CYCLES:28061 ICOUNT:1492 IHITRATE: 0.0 DHITRATE: 8.0
/u/k/a/karu/courses/cs552/spring2013/handouts/testprograms/public/rand_final/t_117_all.asm SUCCESS CPI:16.4 CYCLES:7793 ICOUNT:475 IHITRATE: 0.0 DHITRATE: 5.8
/u/k/a/karu/courses/cs552/spring2013/handouts/testprograms/public/rand_final/t_117_ctrl.asm SUCCESS CPI:16.6 CYCLES:14897 ICOUNT:898 IHITRATE: 0.0 DHITRATE: 6.0
/u/k/a/karu/courses/cs552/spring2013/handouts/testprograms/public/rand_final/t_117_icache.asm SUCCESS CPI:254.4 CYCLES:14501 ICOUNT:57 IHITRATE: 0.0 DHITRATE: 0
/u/k/a/karu/courses/cs552/spring2013/handouts/testprograms/public/rand_final/t_117_idcache.asm SUCCESS CPI:40.8 CYCLES:16973 ICOUNT:416 IHITRATE: 0.0 DHITRATE: 1.6
/u/k/a/karu/courses/cs552/spring2013/handouts/testprograms/public/rand_final/t_117_mem.asm SUCCESS CPI:18.3 CYCLES:28721 ICOUNT:1572 IHITRATE: 0.0 DHITRATE: 8.4
/u/k/a/karu/courses/cs552/spring2013/handouts/testprograms/public/rand_final/t_118_all.asm SUCCESS CPI:16.1 CYCLES:8525 ICOUNT:531 IHITRATE: 0.0 DHITRATE: 6.2
/u/k/a/karu/courses/cs552/spring2013/handouts/testprograms/public/rand_final/t_118_ctrl.asm FAILED
/u/k/a/karu/courses/cs552/spring2013/handouts/testprograms/public/rand_final/t_118_icache.asm SUCCESS CPI:263.6 CYCLES:14501 ICOUNT:55 IHITRATE: 0.0 DHITRATE: 0
/u/k/a/karu/courses/cs552/spring2013/handouts/testprograms/public/rand_final/t_118_idcache.asm SUCCESS CPI:47.9 CYCLES:15461 ICOUNT:323 IHITRATE: 0.0 DHITRATE: 1.0
/u/k/a/karu/courses/cs552/spring2013/handouts/testprograms/public/rand_final/t_118_mem.asm SUCCESS CPI:19.0 CYCLES:25841 ICOUNT:1359 IHITRATE: 0.0 DHITRATE: 8.6
/u/k/a/karu/courses/cs552/spring2013/handouts/testprograms/public/rand_final/t_119_all.asm SUCCESS CPI:16.2 CYCLES:6917 ICOUNT:427 IHITRATE: 0.0 DHITRATE: 5.8
/u/k/a/karu/courses/cs552/spring2013/handouts/testprograms/public/rand_final/t_119_ctrl.asm SUCCESS CPI:17.0 CYCLES:12905 ICOUNT:760 IHITRATE: 0.0 DHITRATE: 6.6
/u/k/a/karu/courses/cs552/spring2013/handouts/testprograms/public/rand_final/t_119_icache.asm SUCCESS CPI:233.8 CYCLES:14501 ICOUNT:62 IHITRATE: 0.0 DHITRATE: 0
/u/k/a/karu/courses/cs552/spring2013/handouts/testprograms/public/rand_final/t_119_idcache.asm SUCCESS CPI:44.9 CYCLES:16517 ICOUNT:368 IHITRATE: 0.0 DHITRATE: 0.4
/u/k/a/karu/courses/cs552/spring2013/handouts/testprograms/public/rand_final/t_119_mem.asm SUCCESS CPI:18.3 CYCLES:28637 ICOUNT:1567 IHITRATE: 0.0 DHITRATE: 8.0
/u/k/a/karu/courses/cs552/spring2013/handouts/testprograms/public/rand_final/t_11_mem.asm SUCCESS CPI:18.7 CYCLES:29417 ICOUNT:1571 IHITRATE: 0.0 DHITRATE: 7.7
/u/k/a/karu/courses/cs552/spring2013/handouts/testprograms/public/rand_final/t_120_all.asm SUCCESS CPI:17.4 CYCLES:6869 ICOUNT:395 IHITRATE: 0.0 DHITRATE: 6.7
/u/k/a/karu/courses/cs552/spring2013/handouts/testprograms/public/rand_final/t_120_ctrl.asm SUCCESS CPI:16.0 CYCLES:14441 ICOUNT:903 IHITRATE: 0.0 DHITRATE: 6.8
/u/k/a/karu/courses/cs552/spring2013/handouts/testprograms/public/rand_final/t_120_icache.asm SUCCESS CPI:258.9 CYCLES:14501 ICOUNT:56 IHITRATE: 0.0 DHITRATE: 0
/u/k/a/karu/courses/cs552/spring2013/handouts/testprograms/public/rand_final/t_120_idcache.asm SUCCESS CPI:44.7 CYCLES:16445 ICOUNT:368 IHITRATE: 0.0 DHITRATE: 1.3
/u/k/a/karu/courses/cs552/spring2013/handouts/testprograms/public/rand_final/t_120_mem.asm SUCCESS CPI:18.6 CYCLES:27473 ICOUNT:1474 IHITRATE: 0.0 DHITRATE: 8.4
/u/k/a/karu/courses/cs552/spring2013/handouts/testprograms/public/rand_final/t_121_all.asm SUCCESS CPI:18.2 CYCLES:5945 ICOUNT:327 IHITRATE: 0.0 DHITRATE: 4.9
/u/k/a/karu/courses/cs552/spring2013/handouts/testprograms/public/rand_final/t_122_all.asm SUCCESS CPI:17.5 CYCLES:5861 ICOUNT:335 IHITRATE: 0.0 DHITRATE: 4.6
/u/k/a/karu/courses/cs552/spring2013/handouts/testprograms/public/rand_final/t_123_all.asm SUCCESS CPI:16.1 CYCLES:8297 ICOUNT:515 IHITRATE: 0.0 DHITRATE: 5.0
/u/k/a/karu/courses/cs552/spring2013/handouts/testprograms/public/rand_final/t_124_all.asm SUCCESS CPI:16.0 CYCLES:5933 ICOUNT:371 IHITRATE: 0.0 DHITRATE: 4.6
/u/k/a/karu/courses/cs552/spring2013/handouts/testprograms/public/rand_final/t_125_all.asm SUCCESS CPI:16.7 CYCLES:8561 ICOUNT:514 IHITRATE: 0.0 DHITRATE: 4.6
/u/k/a/karu/courses/cs552/spring2013/handouts/testprograms/public/rand_final/t_126_all.asm SUCCESS CPI:15.6 CYCLES:9701 ICOUNT:623 IHITRATE: 0.0 DHITRATE: 4.8
/u/k/a/karu/courses/cs552/spring2013/handouts/testprograms/public/rand_final/t_127_all.asm SUCCESS CPI:15.9 CYCLES:7541 ICOUNT:473 IHITRATE: 0.0 DHITRATE: 6.4
/u/k/a/karu/courses/cs552/spring2013/handouts/testprograms/public/rand_final/t_128_all.asm SUCCESS CPI:17.2 CYCLES:7589 ICOUNT:440 IHITRATE: 0.0 DHITRATE: 5.3
/u/k/a/karu/courses/cs552/spring2013/handouts/testprograms/public/rand_final/t_129_all.asm SUCCESS CPI:16.4 CYCLES:7397 ICOUNT:450 IHITRATE: 0.0 DHITRATE: 6.1
/u/k/a/karu/courses/cs552/spring2013/handouts/testprograms/public/rand_final/t_12_mem.asm SUCCESS CPI:19.0 CYCLES:27041 ICOUNT:1426 IHITRATE: 0.0 DHITRATE: 8.5
/u/k/a/karu/courses/cs552/spring2013/handouts/testprograms/public/rand_final/t_130_all.asm SUCCESS CPI:15.2 CYCLES:10145 ICOUNT:667 IHITRATE: 0.0 DHITRATE: 5.7
/u/k/a/karu/courses/cs552/spring2013/handouts/testprograms/public/rand_final/t_131_all.asm SUCCESS CPI:15.6 CYCLES:8909 ICOUNT:570 IHITRATE: 0.0 DHITRATE: 7.4
/u/k/a/karu/courses/cs552/spring2013/handouts/testprograms/public/rand_final/t_132_all.asm SUCCESS CPI:15.9 CYCLES:7793 ICOUNT:489 IHITRATE: 0.0 DHITRATE: 5.1
/u/k/a/karu/courses/cs552/spring2013/handouts/testprograms/public/rand_final/t_133_all.asm SUCCESS CPI:15.9 CYCLES:7325 ICOUNT:462 IHITRATE: 0.0 DHITRATE: 4.7
/u/k/a/karu/courses/cs552/spring2013/handouts/testprograms/public/rand_final/t_134_all.asm SUCCESS CPI:16.0 CYCLES:7901 ICOUNT:495 IHITRATE: 0.0 DHITRATE: 5.2
/u/k/a/karu/courses/cs552/spring2013/handouts/testprograms/public/rand_final/t_135_all.asm SUCCESS CPI:15.4 CYCLES:9653 ICOUNT:625 IHITRATE: 0.0 DHITRATE: 5.2
/u/k/a/karu/courses/cs552/spring2013/handouts/testprograms/public/rand_final/t_136_all.asm SUCCESS CPI:16.7 CYCLES:7217 ICOUNT:433 IHITRATE: 0.0 DHITRATE: 5.8
/u/k/a/karu/courses/cs552/spring2013/handouts/testprograms/public/rand_final/t_137_all.asm SUCCESS CPI:15.6 CYCLES:8645 ICOUNT:555 IHITRATE: 0.0 DHITRATE: 5.0
/u/k/a/karu/courses/cs552/spring2013/handouts/testprograms/public/rand_final/t_138_all.asm SUCCESS CPI:15.5 CYCLES:9893 ICOUNT:637 IHITRATE: 0.0 DHITRATE: 6.0
/u/k/a/karu/courses/cs552/spring2013/handouts/testprograms/public/rand_final/t_139_all.asm SUCCESS CPI:17.5 CYCLES:6617 ICOUNT:379 IHITRATE: 0.0 DHITRATE: 4.1
/u/k/a/karu/courses/cs552/spring2013/handouts/testprograms/public/rand_final/t_13_mem.asm SUCCESS CPI:18.7 CYCLES:27173 ICOUNT:1455 IHITRATE: 0.0 DHITRATE: 8.2
/u/k/a/karu/courses/cs552/spring2013/handouts/testprograms/public/rand_final/t_140_all.asm SUCCESS CPI:16.1 CYCLES:6713 ICOUNT:418 IHITRATE: 0.0 DHITRATE: 5.4
/u/k/a/karu/courses/cs552/spring2013/handouts/testprograms/public/rand_final/t_141_all.asm SUCCESS CPI:15.3 CYCLES:7793 ICOUNT:511 IHITRATE: 0.0 DHITRATE: 7.1
/u/k/a/karu/courses/cs552/spring2013/handouts/testprograms/public/rand_final/t_142_all.asm SUCCESS CPI:16.3 CYCLES:6605 ICOUNT:404 IHITRATE: 0.0 DHITRATE: 5.2
/u/k/a/karu/courses/cs552/spring2013/handouts/testprograms/public/rand_final/t_143_all.asm SUCCESS CPI:15.4 CYCLES:8081 ICOUNT:526 IHITRATE: 0.0 DHITRATE: 5.9
/u/k/a/karu/courses/cs552/spring2013/handouts/testprograms/public/rand_final/t_144_all.asm SUCCESS CPI:17.2 CYCLES:7613 ICOUNT:442 IHITRATE: 0.0 DHITRATE: 5.4
/u/k/a/karu/courses/cs552/spring2013/handouts/testprograms/public/rand_final/t_145_all.asm SUCCESS CPI:16.0 CYCLES:7301 ICOUNT:456 IHITRATE: 0.0 DHITRATE: 5.3
/u/k/a/karu/courses/cs552/spring2013/handouts/testprograms/public/rand_final/t_146_all.asm SUCCESS CPI:15.6 CYCLES:9821 ICOUNT:630 IHITRATE: 0.0 DHITRATE: 5.8
/u/k/a/karu/courses/cs552/spring2013/handouts/testprograms/public/rand_final/t_147_all.asm SUCCESS CPI:16.1 CYCLES:7361 ICOUNT:458 IHITRATE: 0.0 DHITRATE: 5.5
/u/k/a/karu/courses/cs552/spring2013/handouts/testprograms/public/rand_final/t_148_all.asm SUCCESS CPI:16.2 CYCLES:7649 ICOUNT:471 IHITRATE: 0.0 DHITRATE: 6.2
/u/k/a/karu/courses/cs552/spring2013/handouts/testprograms/public/rand_final/t_149_all.asm SUCCESS CPI:15.9 CYCLES:7409 ICOUNT:465 IHITRATE: 0.0 DHITRATE: 5.9
/u/k/a/karu/courses/cs552/spring2013/handouts/testprograms/public/rand_final/t_14_mem.asm SUCCESS CPI:19.5 CYCLES:26957 ICOUNT:1385 IHITRATE: 0.0 DHITRATE: 7.9
/u/k/a/karu/courses/cs552/spring2013/handouts/testprograms/public/rand_final/t_150_all.asm SUCCESS CPI:15.8 CYCLES:8297 ICOUNT:524 IHITRATE: 0.0 DHITRATE: 6.5
/u/k/a/karu/courses/cs552/spring2013/handouts/testprograms/public/rand_final/t_15_mem.asm SUCCESS CPI:18.7 CYCLES:27245 ICOUNT:1459 IHITRATE: 0.0 DHITRATE: 8.6
/u/k/a/karu/courses/cs552/spring2013/handouts/testprograms/public/rand_final/t_16_mem.asm SUCCESS CPI:18.6 CYCLES:27209 ICOUNT:1466 IHITRATE: 0.0 DHITRATE: 8.6
/u/k/a/karu/courses/cs552/spring2013/handouts/testprograms/public/rand_final/t_17_mem.asm SUCCESS CPI:18.3 CYCLES:27773 ICOUNT:1515 IHITRATE: 0.0 DHITRATE: 8.3
/u/k/a/karu/courses/cs552/spring2013/handouts/testprograms/public/rand_final/t_18_mem.asm SUCCESS CPI:18.8 CYCLES:26705 ICOUNT:1423 IHITRATE: 0.0 DHITRATE: 8.2
/u/k/a/karu/courses/cs552/spring2013/handouts/testprograms/public/rand_final/t_19_mem.asm SUCCESS CPI:18.9 CYCLES:26513 ICOUNT:1400 IHITRATE: 0.0 DHITRATE: 8.3
